<?xml version="1.0" encoding="UTF-8"?>
<testsuite name="Homepage"
           tests="3"
           failures="0"
           errors="0"
           skipped="0"
           time="5.677">
  <properties />
  
  
            <testcase name="aChileanComingToTheUKForWorkAndPlansOnStayingForLongerThanSixMonths" time="2.592" classname="gov.uk.check.visa.testsuite.VisaConfirmationTest" />
                <testcase name="aColumbianNationalComingToTheUKToJoinAPartnerForALongStayTheyDoHaveAnArticle10Or20Card" time="1.476" classname="gov.uk.check.visa.testsuite.VisaConfirmationTest" />
                <testcase name="anAustralianCominToUKForTourism" time="1.609" classname="gov.uk.check.visa.testsuite.VisaConfirmationTest" />
      
</testsuite>
